2019-11-08 12:03:41,397 DEBUG [main] cache:45 - Couldn't find template in cache for "extent.ftl"("en_IN", UTF-8, parsed); will try to load it.
 2019-11-08 12:03:41,400 DEBUG [main] cache:45 - TemplateLoader.findTemplateSource("extent_en_IN.ftl"): Not found
 2019-11-08 12:03:41,401 DEBUG [main] cache:45 - TemplateLoader.findTemplateSource("extent_en.ftl"): Not found
 2019-11-08 12:03:41,402 DEBUG [main] cache:45 - TemplateLoader.findTemplateSource("extent.ftl"): Found
 2019-11-08 12:03:41,402 DEBUG [main] cache:45 - Loading template for "extent.ftl"("en_IN", UTF-8, parsed) from "jar:file:/C:/Users/chavan_v/.m2/repository/com/aventstack/extentreports/3.0.0/extentreports-3.0.0.jar!/com/aventstack/extentreports/view/extent.ftl"
 2019-11-08 12:03:41,528 DEBUG [main] cache:45 - Couldn't find template in cache for "head.ftl"("en_IN", UTF-8, parsed); will try to load it.
 2019-11-08 12:03:41,529 DEBUG [main] cache:45 - TemplateLoader.findTemplateSource("head_en_IN.ftl"): Not found
 2019-11-08 12:03:41,529 DEBUG [main] cache:45 - TemplateLoader.findTemplateSource("head_en.ftl"): Not found
 2019-11-08 12:03:41,529 DEBUG [main] cache:45 - TemplateLoader.findTemplateSource("head.ftl"): Found
 2019-11-08 12:03:41,530 DEBUG [main] cache:45 - Loading template for "head.ftl"("en_IN", UTF-8, parsed) from "jar:file:/C:/Users/chavan_v/.m2/repository/com/aventstack/extentreports/3.0.0/extentreports-3.0.0.jar!/com/aventstack/extentreports/view/head.ftl"
 2019-11-08 12:03:41,531 DEBUG [main] cache:45 - Couldn't find template in cache for "nav.ftl"("en_IN", UTF-8, parsed); will try to load it.
 2019-11-08 12:03:41,532 DEBUG [main] cache:45 - TemplateLoader.findTemplateSource("nav_en_IN.ftl"): Not found
 2019-11-08 12:03:41,532 DEBUG [main] cache:45 - TemplateLoader.findTemplateSource("nav_en.ftl"): Not found
 2019-11-08 12:03:41,533 DEBUG [main] cache:45 - TemplateLoader.findTemplateSource("nav.ftl"): Found
 2019-11-08 12:03:41,534 DEBUG [main] cache:45 - Loading template for "nav.ftl"("en_IN", UTF-8, parsed) from "jar:file:/C:/Users/chavan_v/.m2/repository/com/aventstack/extentreports/3.0.0/extentreports-3.0.0.jar!/com/aventstack/extentreports/view/nav.ftl"
 2019-11-08 12:03:41,542 DEBUG [main] cache:45 - Couldn't find template in cache for "test-view/test-view.ftl"("en_IN", UTF-8, parsed); will try to load it.
 2019-11-08 12:03:41,544 DEBUG [main] cache:45 - TemplateLoader.findTemplateSource("test-view/test-view_en_IN.ftl"): Not found
 2019-11-08 12:03:41,544 DEBUG [main] cache:45 - TemplateLoader.findTemplateSource("test-view/test-view_en.ftl"): Not found
 2019-11-08 12:03:41,553 DEBUG [main] cache:45 - TemplateLoader.findTemplateSource("test-view/test-view.ftl"): Found
 2019-11-08 12:03:41,554 DEBUG [main] cache:45 - Loading template for "test-view/test-view.ftl"("en_IN", UTF-8, parsed) from "jar:file:/C:/Users/chavan_v/.m2/repository/com/aventstack/extentreports/3.0.0/extentreports-3.0.0.jar!/com/aventstack/extentreports/view/test-view/test-view.ftl"
 2019-11-08 12:03:41,575 DEBUG [main] cache:45 - Couldn't find template in cache for "test-view/test-view-charts.ftl"("en_IN", UTF-8, parsed); will try to load it.
 2019-11-08 12:03:41,575 DEBUG [main] cache:45 - TemplateLoader.findTemplateSource("test-view/test-view-charts_en_IN.ftl"): Not found
 2019-11-08 12:03:41,575 DEBUG [main] cache:45 - TemplateLoader.findTemplateSource("test-view/test-view-charts_en.ftl"): Not found
 2019-11-08 12:03:41,576 DEBUG [main] cache:45 - TemplateLoader.findTemplateSource("test-view/test-view-charts.ftl"): Found
 2019-11-08 12:03:41,576 DEBUG [main] cache:45 - Loading template for "test-view/test-view-charts.ftl"("en_IN", UTF-8, parsed) from "jar:file:/C:/Users/chavan_v/.m2/repository/com/aventstack/extentreports/3.0.0/extentreports-3.0.0.jar!/com/aventstack/extentreports/view/test-view/test-view-charts.ftl"
 2019-11-08 12:03:41,583 DEBUG [main] cache:45 - Couldn't find template in cache for "test-view/standard.ftl"("en_IN", UTF-8, parsed); will try to load it.
 2019-11-08 12:03:41,584 DEBUG [main] cache:45 - TemplateLoader.findTemplateSource("test-view/standard_en_IN.ftl"): Not found
 2019-11-08 12:03:41,584 DEBUG [main] cache:45 - TemplateLoader.findTemplateSource("test-view/standard_en.ftl"): Not found
 2019-11-08 12:03:41,585 DEBUG [main] cache:45 - TemplateLoader.findTemplateSource("test-view/standard.ftl"): Found
 2019-11-08 12:03:41,585 DEBUG [main] cache:45 - Loading template for "test-view/standard.ftl"("en_IN", UTF-8, parsed) from "jar:file:/C:/Users/chavan_v/.m2/repository/com/aventstack/extentreports/3.0.0/extentreports-3.0.0.jar!/com/aventstack/extentreports/view/test-view/standard.ftl"
 2019-11-08 12:03:41,598 DEBUG [main] cache:45 - "test-view/standard.ftl"("en_IN", UTF-8, parsed) cached copy not yet stale; using cached.
 2019-11-08 12:03:41,598 DEBUG [main] cache:45 - Couldn't find template in cache for "category-view/category-view.ftl"("en_IN", UTF-8, parsed); will try to load it.
 2019-11-08 12:03:41,599 DEBUG [main] cache:45 - TemplateLoader.findTemplateSource("category-view/category-view_en_IN.ftl"): Not found
 2019-11-08 12:03:41,599 DEBUG [main] cache:45 - TemplateLoader.findTemplateSource("category-view/category-view_en.ftl"): Not found
 2019-11-08 12:03:41,600 DEBUG [main] cache:45 - TemplateLoader.findTemplateSource("category-view/category-view.ftl"): Found
 2019-11-08 12:03:41,600 DEBUG [main] cache:45 - Loading template for "category-view/category-view.ftl"("en_IN", UTF-8, parsed) from "jar:file:/C:/Users/chavan_v/.m2/repository/com/aventstack/extentreports/3.0.0/extentreports-3.0.0.jar!/com/aventstack/extentreports/view/category-view/category-view.ftl"
 2019-11-08 12:03:41,602 DEBUG [main] cache:45 - Couldn't find template in cache for "exception-view/exception-view.ftl"("en_IN", UTF-8, parsed); will try to load it.
 2019-11-08 12:03:41,603 DEBUG [main] cache:45 - TemplateLoader.findTemplateSource("exception-view/exception-view_en_IN.ftl"): Not found
 2019-11-08 12:03:41,603 DEBUG [main] cache:45 - TemplateLoader.findTemplateSource("exception-view/exception-view_en.ftl"): Not found
 2019-11-08 12:03:41,604 DEBUG [main] cache:45 - TemplateLoader.findTemplateSource("exception-view/exception-view.ftl"): Found
 2019-11-08 12:03:41,604 DEBUG [main] cache:45 - Loading template for "exception-view/exception-view.ftl"("en_IN", UTF-8, parsed) from "jar:file:/C:/Users/chavan_v/.m2/repository/com/aventstack/extentreports/3.0.0/extentreports-3.0.0.jar!/com/aventstack/extentreports/view/exception-view/exception-view.ftl"
 2019-11-08 12:03:41,606 DEBUG [main] cache:45 - Couldn't find template in cache for "dashboard-view/dashboard-view.ftl"("en_IN", UTF-8, parsed); will try to load it.
 2019-11-08 12:03:41,606 DEBUG [main] cache:45 - TemplateLoader.findTemplateSource("dashboard-view/dashboard-view_en_IN.ftl"): Not found
 2019-11-08 12:03:41,606 DEBUG [main] cache:45 - TemplateLoader.findTemplateSource("dashboard-view/dashboard-view_en.ftl"): Not found
 2019-11-08 12:03:41,607 DEBUG [main] cache:45 - TemplateLoader.findTemplateSource("dashboard-view/dashboard-view.ftl"): Found
 2019-11-08 12:03:41,607 DEBUG [main] cache:45 - Loading template for "dashboard-view/dashboard-view.ftl"("en_IN", UTF-8, parsed) from "jar:file:/C:/Users/chavan_v/.m2/repository/com/aventstack/extentreports/3.0.0/extentreports-3.0.0.jar!/com/aventstack/extentreports/view/dashboard-view/dashboard-view.ftl"
 2019-11-08 12:03:41,612 DEBUG [main] cache:45 - Couldn't find template in cache for "logs-view/testrunner-logs-view.ftl"("en_IN", UTF-8, parsed); will try to load it.
 2019-11-08 12:03:41,612 DEBUG [main] cache:45 - TemplateLoader.findTemplateSource("logs-view/testrunner-logs-view_en_IN.ftl"): Not found
 2019-11-08 12:03:41,612 DEBUG [main] cache:45 - TemplateLoader.findTemplateSource("logs-view/testrunner-logs-view_en.ftl"): Not found
 2019-11-08 12:03:41,612 DEBUG [main] cache:45 - TemplateLoader.findTemplateSource("logs-view/testrunner-logs-view.ftl"): Found
 2019-11-08 12:03:41,612 DEBUG [main] cache:45 - Loading template for "logs-view/testrunner-logs-view.ftl"("en_IN", UTF-8, parsed) from "jar:file:/C:/Users/chavan_v/.m2/repository/com/aventstack/extentreports/3.0.0/extentreports-3.0.0.jar!/com/aventstack/extentreports/view/logs-view/testrunner-logs-view.ftl"
 